{"contracts/implementations/ERC20Singleton.sol":{"l":{"16":6,"17":6,"18":6,"26":6,"27":6,"28":6,"32":1},"path":"/Users/justin/Work/earthfund/packages/contracts/contracts/implementations/ERC20Singleton.sol","s":{"1":6,"2":6,"3":6,"4":6,"5":6,"6":6,"7":1},"b":{},"f":{"1":6,"2":6,"3":1},"fnMap":{"1":{"name":"constructor","line":15,"loc":{"start":{"line":15,"column":4},"end":{"line":19,"column":4}}},"2":{"name":"initialize","line":25,"loc":{"start":{"line":21,"column":4},"end":{"line":29,"column":4}}},"3":{"name":"mint","line":31,"loc":{"start":{"line":31,"column":4},"end":{"line":33,"column":4}}}},"statementMap":{"1":{"start":{"line":16,"column":8},"end":{"line":16,"column":45}},"2":{"start":{"line":17,"column":8},"end":{"line":17,"column":23}},"3":{"start":{"line":18,"column":8},"end":{"line":18,"column":36}},"4":{"start":{"line":26,"column":8},"end":{"line":26,"column":51}},"5":{"start":{"line":27,"column":8},"end":{"line":27,"column":23}},"6":{"start":{"line":28,"column":8},"end":{"line":28,"column":32}},"7":{"start":{"line":32,"column":8},"end":{"line":32,"column":29}}},"branchMap":{}},"contracts/implementations/Governor.sol":{"l":{"28":3,"32":3,"36":3,"40":3,"44":3,"48":3,"52":3,"54":3,"55":3,"56":3,"57":3,"58":3,"59":3,"61":3,"65":7,"66":7,"72":7,"80":6,"83":6,"89":6,"96":6,"103":6,"110":6,"124":6,"125":6,"133":12,"142":6,"144":6,"145":6,"149":6,"151":6,"159":6,"161":6,"163":6},"path":"/Users/justin/Work/earthfund/packages/contracts/contracts/implementations/Governor.sol","s":{"1":3,"2":3,"3":3,"4":3,"5":3,"6":3,"7":3,"8":3,"9":3,"10":3,"11":3,"12":3,"13":3,"14":3,"15":7,"16":7,"17":7,"18":6,"19":6,"20":6,"21":6,"22":6,"23":6,"24":6,"25":6,"26":12,"27":6,"28":6,"29":6,"30":6,"31":6,"32":6,"33":6,"34":6},"b":{"1":[3,0],"2":[3,0],"3":[3,0],"4":[3,0],"5":[3,0],"6":[3,0],"7":[3,0],"8":[6,0]},"f":{"1":3,"2":7,"3":6,"4":6,"5":6,"6":12,"7":6},"fnMap":{"1":{"name":"constructor","line":27,"loc":{"start":{"line":27,"column":4},"end":{"line":62,"column":4}}},"2":{"name":"addENSDomain","line":64,"loc":{"start":{"line":64,"column":4},"end":{"line":73,"column":4}}},"3":{"name":"createChildDAO","line":75,"loc":{"start":{"line":75,"column":4},"end":{"line":104,"column":4}}},"4":{"name":"_createGnosisSafe","line":106,"loc":{"start":{"line":106,"column":4},"end":{"line":117,"column":4}}},"5":{"name":"_createERC20Clone","line":119,"loc":{"start":{"line":119,"column":4},"end":{"line":126,"column":4}}},"6":{"name":"_calculateENSNode","line":128,"loc":{"start":{"line":128,"column":4},"end":{"line":134,"column":4}}},"7":{"name":"_createENSSubdomain","line":136,"loc":{"start":{"line":136,"column":4},"end":{"line":164,"column":4}}}},"statementMap":{"1":{"start":{"line":28,"column":8},"end":{"line":28,"column":1117}},"2":{"start":{"line":32,"column":8},"end":{"line":32,"column":1240}},"3":{"start":{"line":36,"column":8},"end":{"line":36,"column":1363}},"4":{"start":{"line":40,"column":8},"end":{"line":40,"column":1488}},"5":{"start":{"line":44,"column":8},"end":{"line":44,"column":1612}},"6":{"start":{"line":48,"column":8},"end":{"line":48,"column":1740}},"7":{"start":{"line":52,"column":8},"end":{"line":52,"column":64}},"8":{"start":{"line":54,"column":8},"end":{"line":54,"column":40}},"9":{"start":{"line":55,"column":8},"end":{"line":55,"column":40}},"10":{"start":{"line":56,"column":8},"end":{"line":56,"column":42}},"11":{"start":{"line":57,"column":8},"end":{"line":57,"column":44}},"12":{"start":{"line":58,"column":8},"end":{"line":58,"column":56}},"13":{"start":{"line":59,"column":8},"end":{"line":59,"column":46}},"14":{"start":{"line":61,"column":8},"end":{"line":61,"column":43}},"15":{"start":{"line":65,"column":8},"end":{"line":65,"column":36}},"16":{"start":{"line":66,"column":8},"end":{"line":66,"column":2389}},"17":{"start":{"line":72,"column":8},"end":{"line":72,"column":56}},"18":{"start":{"line":80,"column":8},"end":{"line":80,"column":60}},"19":{"start":{"line":83,"column":8},"end":{"line":83,"column":2846}},"20":{"start":{"line":89,"column":8},"end":{"line":89,"column":3013}},"21":{"start":{"line":96,"column":8},"end":{"line":96,"column":3207}},"22":{"start":{"line":103,"column":8},"end":{"line":103,"column":47}},"23":{"start":{"line":110,"column":8},"end":{"line":110,"column":3570}},"24":{"start":{"line":124,"column":8},"end":{"line":124,"column":78}},"25":{"start":{"line":125,"column":8},"end":{"line":125,"column":63}},"26":{"start":{"line":133,"column":8},"end":{"line":133,"column":65}},"27":{"start":{"line":142,"column":8},"end":{"line":142,"column":44}},"28":{"start":{"line":144,"column":8},"end":{"line":144,"column":53}},"29":{"start":{"line":145,"column":8},"end":{"line":145,"column":4572}},"30":{"start":{"line":149,"column":8},"end":{"line":149,"column":59}},"31":{"start":{"line":151,"column":8},"end":{"line":151,"column":4754}},"32":{"start":{"line":159,"column":8},"end":{"line":159,"column":45}},"33":{"start":{"line":161,"column":8},"end":{"line":161,"column":67}},"34":{"start":{"line":163,"column":8},"end":{"line":163,"column":65}}},"branchMap":{"1":{"line":28,"type":"if","locations":[{"start":{"line":28,"column":8},"end":{"line":28,"column":8}},{"start":{"line":28,"column":8},"end":{"line":28,"column":8}}]},"2":{"line":32,"type":"if","locations":[{"start":{"line":32,"column":8},"end":{"line":32,"column":8}},{"start":{"line":32,"column":8},"end":{"line":32,"column":8}}]},"3":{"line":36,"type":"if","locations":[{"start":{"line":36,"column":8},"end":{"line":36,"column":8}},{"start":{"line":36,"column":8},"end":{"line":36,"column":8}}]},"4":{"line":40,"type":"if","locations":[{"start":{"line":40,"column":8},"end":{"line":40,"column":8}},{"start":{"line":40,"column":8},"end":{"line":40,"column":8}}]},"5":{"line":44,"type":"if","locations":[{"start":{"line":44,"column":8},"end":{"line":44,"column":8}},{"start":{"line":44,"column":8},"end":{"line":44,"column":8}}]},"6":{"line":48,"type":"if","locations":[{"start":{"line":48,"column":8},"end":{"line":48,"column":8}},{"start":{"line":48,"column":8},"end":{"line":48,"column":8}}]},"7":{"line":52,"type":"if","locations":[{"start":{"line":52,"column":8},"end":{"line":52,"column":8}},{"start":{"line":52,"column":8},"end":{"line":52,"column":8}}]},"8":{"line":80,"type":"if","locations":[{"start":{"line":80,"column":8},"end":{"line":80,"column":8}},{"start":{"line":80,"column":8},"end":{"line":80,"column":8}}]}}},"contracts/interfaces/IERC20Singleton.sol":{"l":{},"path":"/Users/justin/Work/earthfund/packages/contracts/contracts/interfaces/IERC20Singleton.sol","s":{},"b":{},"f":{},"fnMap":{},"statementMap":{},"branchMap":{}},"contracts/interfaces/IGovernor.sol":{"l":{},"path":"/Users/justin/Work/earthfund/packages/contracts/contracts/interfaces/IGovernor.sol","s":{},"b":{},"f":{},"fnMap":{},"statementMap":{},"branchMap":{}},"contracts/vendors/IENSController.sol":{"l":{},"path":"/Users/justin/Work/earthfund/packages/contracts/contracts/vendors/IENSController.sol","s":{},"b":{},"f":{},"fnMap":{},"statementMap":{},"branchMap":{}},"contracts/vendors/IENSRegistrar.sol":{"l":{},"path":"/Users/justin/Work/earthfund/packages/contracts/contracts/vendors/IENSRegistrar.sol","s":{},"b":{},"f":{},"fnMap":{},"statementMap":{},"branchMap":{}},"contracts/vendors/IENSRegistry.sol":{"l":{},"path":"/Users/justin/Work/earthfund/packages/contracts/contracts/vendors/IENSRegistry.sol","s":{},"b":{},"f":{},"fnMap":{},"statementMap":{},"branchMap":{}},"contracts/vendors/IGnosisSafe.sol":{"l":{},"path":"/Users/justin/Work/earthfund/packages/contracts/contracts/vendors/IGnosisSafe.sol","s":{},"b":{},"f":{},"fnMap":{},"statementMap":{},"branchMap":{}}}