{"contracts/implementations/ClearingHouse.sol":{"l":{"24":3,"31":43,"32":42,"36":42,"40":41,"44":55,"48":50,"56":7,"64":41,"69":40,"71":40,"82":28,"88":27,"90":27,"92":27,"98":27,"100":27,"102":27,"104":27,"109":27,"116":5,"118":5,"124":4,"126":4,"128":4,"134":4,"136":4,"138":4,"143":4,"155":8,"160":6,"162":6,"164":6,"170":4,"172":4,"174":4,"181":4,"183":4,"185":4,"191":4},"path":"/Users/stevenlabrys/Desktop/earthfund/packages/contracts/contracts/implementations/ClearingHouse.sol","s":{"1":3,"2":43,"3":42,"4":55,"5":7,"6":41,"7":40,"8":40,"9":28,"10":27,"11":27,"12":27,"13":27,"14":27,"15":27,"16":27,"17":27,"18":5,"19":5,"20":4,"21":4,"22":4,"23":4,"24":4,"25":4,"26":4,"27":8,"28":6,"29":6,"30":6,"31":4,"32":4,"33":4,"34":4,"35":4,"36":4,"37":4},"b":{"1":[42,1],"2":[41,1],"3":[50,5],"4":[40,1],"5":[27,1],"6":[27,0],"7":[27,0],"8":[4,1],"9":[4,0],"10":[4,0],"11":[6,2],"12":[4,2],"13":[4,0],"14":[4,0]},"f":{"1":3,"2":43,"3":42,"4":55,"5":7,"6":41,"7":28,"8":5,"9":8},"fnMap":{"1":{"name":"constructor","line":23,"loc":{"start":{"line":23,"column":2},"end":{"line":25,"column":2}}},"2":{"name":"isGovernorSet","line":30,"loc":{"start":{"line":30,"column":2},"end":{"line":33,"column":2}}},"3":{"name":"isGovernor","line":35,"loc":{"start":{"line":35,"column":2},"end":{"line":41,"column":2}}},"4":{"name":"isChildDaoRegistered","line":43,"loc":{"start":{"line":43,"column":2},"end":{"line":49,"column":2}}},"5":{"name":"addGovernor","line":55,"loc":{"start":{"line":55,"column":2},"end":{"line":57,"column":2}}},"6":{"name":"registerChildDao","line":62,"loc":{"start":{"line":59,"column":2},"end":{"line":72,"column":2}}},"7":{"name":"swapEarthForChildDao","line":80,"loc":{"start":{"line":78,"column":2},"end":{"line":110,"column":2}}},"8":{"name":"swapChildDaoForEarth","line":114,"loc":{"start":{"line":112,"column":2},"end":{"line":144,"column":2}}},"9":{"name":"swapChildDaoForChildDao","line":153,"loc":{"start":{"line":146,"column":2},"end":{"line":196,"column":2}}}},"statementMap":{"1":{"start":{"line":24,"column":4},"end":{"line":24,"column":35}},"2":{"start":{"line":31,"column":4},"end":{"line":31,"column":63}},"3":{"start":{"line":36,"column":4},"end":{"line":36,"column":1104}},"4":{"start":{"line":44,"column":4},"end":{"line":44,"column":1277}},"5":{"start":{"line":56,"column":4},"end":{"line":56,"column":34}},"6":{"start":{"line":64,"column":4},"end":{"line":64,"column":1787}},"7":{"start":{"line":69,"column":4},"end":{"line":69,"column":58}},"8":{"start":{"line":71,"column":4},"end":{"line":71,"column":43}},"9":{"start":{"line":82,"column":4},"end":{"line":82,"column":2341}},"10":{"start":{"line":88,"column":4},"end":{"line":88,"column":65}},"11":{"start":{"line":90,"column":4},"end":{"line":90,"column":62}},"12":{"start":{"line":92,"column":4},"end":{"line":92,"column":2636}},"13":{"start":{"line":98,"column":4},"end":{"line":98,"column":65}},"14":{"start":{"line":100,"column":4},"end":{"line":100,"column":67}},"15":{"start":{"line":102,"column":4},"end":{"line":102,"column":42}},"16":{"start":{"line":104,"column":4},"end":{"line":104,"column":2997}},"17":{"start":{"line":109,"column":4},"end":{"line":109,"column":76}},"18":{"start":{"line":116,"column":4},"end":{"line":116,"column":65}},"19":{"start":{"line":118,"column":4},"end":{"line":118,"column":3409}},"20":{"start":{"line":124,"column":4},"end":{"line":124,"column":68}},"21":{"start":{"line":126,"column":4},"end":{"line":126,"column":43}},"22":{"start":{"line":128,"column":4},"end":{"line":128,"column":3698}},"23":{"start":{"line":134,"column":4},"end":{"line":134,"column":67}},"24":{"start":{"line":136,"column":4},"end":{"line":136,"column":42}},"25":{"start":{"line":138,"column":4},"end":{"line":138,"column":3989}},"26":{"start":{"line":143,"column":4},"end":{"line":143,"column":76}},"27":{"start":{"line":155,"column":4},"end":{"line":155,"column":4429}},"28":{"start":{"line":160,"column":4},"end":{"line":160,"column":73}},"29":{"start":{"line":162,"column":4},"end":{"line":162,"column":69}},"30":{"start":{"line":164,"column":4},"end":{"line":164,"column":4690}},"31":{"start":{"line":170,"column":4},"end":{"line":170,"column":79}},"32":{"start":{"line":172,"column":4},"end":{"line":172,"column":46}},"33":{"start":{"line":174,"column":4},"end":{"line":174,"column":4984}},"34":{"start":{"line":181,"column":4},"end":{"line":181,"column":75}},"35":{"start":{"line":183,"column":4},"end":{"line":183,"column":44}},"36":{"start":{"line":185,"column":4},"end":{"line":185,"column":5310}},"37":{"start":{"line":191,"column":4},"end":{"line":191,"column":5457}}},"branchMap":{"1":{"line":31,"type":"if","locations":[{"start":{"line":31,"column":4},"end":{"line":31,"column":4}},{"start":{"line":31,"column":4},"end":{"line":31,"column":4}}]},"2":{"line":36,"type":"if","locations":[{"start":{"line":36,"column":4},"end":{"line":36,"column":4}},{"start":{"line":36,"column":4},"end":{"line":36,"column":4}}]},"3":{"line":44,"type":"if","locations":[{"start":{"line":44,"column":4},"end":{"line":44,"column":4}},{"start":{"line":44,"column":4},"end":{"line":44,"column":4}}]},"4":{"line":64,"type":"if","locations":[{"start":{"line":64,"column":4},"end":{"line":64,"column":4}},{"start":{"line":64,"column":4},"end":{"line":64,"column":4}}]},"5":{"line":82,"type":"if","locations":[{"start":{"line":82,"column":4},"end":{"line":82,"column":4}},{"start":{"line":82,"column":4},"end":{"line":82,"column":4}}]},"6":{"line":92,"type":"if","locations":[{"start":{"line":92,"column":4},"end":{"line":92,"column":4}},{"start":{"line":92,"column":4},"end":{"line":92,"column":4}}]},"7":{"line":104,"type":"if","locations":[{"start":{"line":104,"column":4},"end":{"line":104,"column":4}},{"start":{"line":104,"column":4},"end":{"line":104,"column":4}}]},"8":{"line":118,"type":"if","locations":[{"start":{"line":118,"column":4},"end":{"line":118,"column":4}},{"start":{"line":118,"column":4},"end":{"line":118,"column":4}}]},"9":{"line":128,"type":"if","locations":[{"start":{"line":128,"column":4},"end":{"line":128,"column":4}},{"start":{"line":128,"column":4},"end":{"line":128,"column":4}}]},"10":{"line":138,"type":"if","locations":[{"start":{"line":138,"column":4},"end":{"line":138,"column":4}},{"start":{"line":138,"column":4},"end":{"line":138,"column":4}}]},"11":{"line":155,"type":"if","locations":[{"start":{"line":155,"column":4},"end":{"line":155,"column":4}},{"start":{"line":155,"column":4},"end":{"line":155,"column":4}}]},"12":{"line":164,"type":"if","locations":[{"start":{"line":164,"column":4},"end":{"line":164,"column":4}},{"start":{"line":164,"column":4},"end":{"line":164,"column":4}}]},"13":{"line":174,"type":"if","locations":[{"start":{"line":174,"column":4},"end":{"line":174,"column":4}},{"start":{"line":174,"column":4},"end":{"line":174,"column":4}}]},"14":{"line":185,"type":"if","locations":[{"start":{"line":185,"column":4},"end":{"line":185,"column":4}},{"start":{"line":185,"column":4},"end":{"line":185,"column":4}}]}}},"contracts/implementations/ERC20Singleton.sol":{"l":{"16":6,"17":6,"18":6,"26":40,"27":40,"28":40,"32":32,"36":8},"path":"/Users/stevenlabrys/Desktop/earthfund/packages/contracts/contracts/implementations/ERC20Singleton.sol","s":{"1":6,"2":6,"3":6,"4":40,"5":40,"6":40,"7":32,"8":8},"b":{},"f":{"1":6,"2":40,"3":32,"4":8},"fnMap":{"1":{"name":"constructor","line":15,"loc":{"start":{"line":15,"column":2},"end":{"line":19,"column":2}}},"2":{"name":"initialize","line":25,"loc":{"start":{"line":21,"column":2},"end":{"line":29,"column":2}}},"3":{"name":"mint","line":31,"loc":{"start":{"line":31,"column":2},"end":{"line":33,"column":2}}},"4":{"name":"burn","line":35,"loc":{"start":{"line":35,"column":2},"end":{"line":37,"column":2}}}},"statementMap":{"1":{"start":{"line":16,"column":4},"end":{"line":16,"column":41}},"2":{"start":{"line":17,"column":4},"end":{"line":17,"column":19}},"3":{"start":{"line":18,"column":4},"end":{"line":18,"column":32}},"4":{"start":{"line":26,"column":4},"end":{"line":26,"column":47}},"5":{"start":{"line":27,"column":4},"end":{"line":27,"column":19}},"6":{"start":{"line":28,"column":4},"end":{"line":28,"column":28}},"7":{"start":{"line":32,"column":4},"end":{"line":32,"column":25}},"8":{"start":{"line":36,"column":4},"end":{"line":36,"column":25}}},"branchMap":{}},"contracts/implementations/Governor.sol":{"l":{"27":11,"31":10,"35":9,"39":8,"43":7,"47":6,"51":5,"52":4,"57":3,"58":3,"59":3,"60":3,"61":3,"62":3,"63":3,"65":3,"69":36,"70":35,"71":35,"77":35,"85":42,"88":41,"94":41,"100":40,"103":40,"110":40,"117":41,"130":41,"134":40,"142":80,"151":40,"153":40,"154":40,"158":40,"160":40,"168":40,"170":40},"path":"/Users/stevenlabrys/Desktop/earthfund/packages/contracts/contracts/implementations/Governor.sol","s":{"1":11,"2":10,"3":9,"4":8,"5":7,"6":6,"7":5,"8":4,"9":3,"10":3,"11":3,"12":3,"13":3,"14":3,"15":3,"16":3,"17":36,"18":35,"19":35,"20":35,"21":42,"22":41,"23":41,"24":40,"25":40,"26":40,"27":41,"28":41,"29":40,"30":80,"31":40,"32":40,"33":40,"34":40,"35":40,"36":40,"37":40},"b":{"1":[10,1],"2":[9,1],"3":[8,1],"4":[7,1],"5":[6,1],"6":[5,1],"7":[4,1],"8":[3,1],"9":[35,1],"10":[41,1]},"f":{"1":11,"2":36,"3":42,"4":41,"5":41,"6":80,"7":40},"fnMap":{"1":{"name":"constructor","line":26,"loc":{"start":{"line":26,"column":2},"end":{"line":66,"column":2}}},"2":{"name":"addENSDomain","line":68,"loc":{"start":{"line":68,"column":2},"end":{"line":78,"column":2}}},"3":{"name":"createChildDAO","line":84,"loc":{"start":{"line":80,"column":2},"end":{"line":111,"column":2}}},"4":{"name":"_createGnosisSafe","line":113,"loc":{"start":{"line":113,"column":2},"end":{"line":124,"column":2}}},"5":{"name":"_createERC20Clone","line":126,"loc":{"start":{"line":126,"column":2},"end":{"line":135,"column":2}}},"6":{"name":"_calculateENSNode","line":137,"loc":{"start":{"line":137,"column":2},"end":{"line":143,"column":2}}},"7":{"name":"_createENSSubdomain","line":145,"loc":{"start":{"line":145,"column":2},"end":{"line":171,"column":2}}}},"statementMap":{"1":{"start":{"line":27,"column":4},"end":{"line":27,"column":1101}},"2":{"start":{"line":31,"column":4},"end":{"line":31,"column":1204}},"3":{"start":{"line":35,"column":4},"end":{"line":35,"column":1307}},"4":{"start":{"line":39,"column":4},"end":{"line":39,"column":1412}},"5":{"start":{"line":43,"column":4},"end":{"line":43,"column":1516}},"6":{"start":{"line":47,"column":4},"end":{"line":47,"column":1624}},"7":{"start":{"line":51,"column":4},"end":{"line":51,"column":60}},"8":{"start":{"line":52,"column":4},"end":{"line":52,"column":1791}},"9":{"start":{"line":57,"column":4},"end":{"line":57,"column":36}},"10":{"start":{"line":58,"column":4},"end":{"line":58,"column":36}},"11":{"start":{"line":59,"column":4},"end":{"line":59,"column":38}},"12":{"start":{"line":60,"column":4},"end":{"line":60,"column":40}},"13":{"start":{"line":61,"column":4},"end":{"line":61,"column":52}},"14":{"start":{"line":62,"column":4},"end":{"line":62,"column":42}},"15":{"start":{"line":63,"column":4},"end":{"line":63,"column":40}},"16":{"start":{"line":65,"column":4},"end":{"line":65,"column":39}},"17":{"start":{"line":69,"column":4},"end":{"line":69,"column":57}},"18":{"start":{"line":70,"column":4},"end":{"line":70,"column":32}},"19":{"start":{"line":71,"column":4},"end":{"line":71,"column":2427}},"20":{"start":{"line":77,"column":4},"end":{"line":77,"column":52}},"21":{"start":{"line":85,"column":4},"end":{"line":85,"column":56}},"22":{"start":{"line":88,"column":4},"end":{"line":88,"column":2838}},"23":{"start":{"line":94,"column":4},"end":{"line":94,"column":3007}},"24":{"start":{"line":100,"column":4},"end":{"line":100,"column":40}},"25":{"start":{"line":103,"column":4},"end":{"line":103,"column":3261}},"26":{"start":{"line":110,"column":4},"end":{"line":110,"column":43}},"27":{"start":{"line":117,"column":4},"end":{"line":117,"column":3574}},"28":{"start":{"line":130,"column":4},"end":{"line":130,"column":3837}},"29":{"start":{"line":134,"column":4},"end":{"line":134,"column":76}},"30":{"start":{"line":142,"column":4},"end":{"line":142,"column":61}},"31":{"start":{"line":151,"column":4},"end":{"line":151,"column":40}},"32":{"start":{"line":153,"column":4},"end":{"line":153,"column":49}},"33":{"start":{"line":154,"column":4},"end":{"line":154,"column":4491}},"34":{"start":{"line":158,"column":4},"end":{"line":158,"column":55}},"35":{"start":{"line":160,"column":4},"end":{"line":160,"column":4649}},"36":{"start":{"line":168,"column":4},"end":{"line":168,"column":41}},"37":{"start":{"line":170,"column":4},"end":{"line":170,"column":63}}},"branchMap":{"1":{"line":27,"type":"if","locations":[{"start":{"line":27,"column":4},"end":{"line":27,"column":4}},{"start":{"line":27,"column":4},"end":{"line":27,"column":4}}]},"2":{"line":31,"type":"if","locations":[{"start":{"line":31,"column":4},"end":{"line":31,"column":4}},{"start":{"line":31,"column":4},"end":{"line":31,"column":4}}]},"3":{"line":35,"type":"if","locations":[{"start":{"line":35,"column":4},"end":{"line":35,"column":4}},{"start":{"line":35,"column":4},"end":{"line":35,"column":4}}]},"4":{"line":39,"type":"if","locations":[{"start":{"line":39,"column":4},"end":{"line":39,"column":4}},{"start":{"line":39,"column":4},"end":{"line":39,"column":4}}]},"5":{"line":43,"type":"if","locations":[{"start":{"line":43,"column":4},"end":{"line":43,"column":4}},{"start":{"line":43,"column":4},"end":{"line":43,"column":4}}]},"6":{"line":47,"type":"if","locations":[{"start":{"line":47,"column":4},"end":{"line":47,"column":4}},{"start":{"line":47,"column":4},"end":{"line":47,"column":4}}]},"7":{"line":51,"type":"if","locations":[{"start":{"line":51,"column":4},"end":{"line":51,"column":4}},{"start":{"line":51,"column":4},"end":{"line":51,"column":4}}]},"8":{"line":52,"type":"if","locations":[{"start":{"line":52,"column":4},"end":{"line":52,"column":4}},{"start":{"line":52,"column":4},"end":{"line":52,"column":4}}]},"9":{"line":69,"type":"if","locations":[{"start":{"line":69,"column":4},"end":{"line":69,"column":4}},{"start":{"line":69,"column":4},"end":{"line":69,"column":4}}]},"10":{"line":85,"type":"if","locations":[{"start":{"line":85,"column":4},"end":{"line":85,"column":4}},{"start":{"line":85,"column":4},"end":{"line":85,"column":4}}]}}},"contracts/implementations/utils/test/EarthToken.sol":{"l":{"9":3},"path":"/Users/stevenlabrys/Desktop/earthfund/packages/contracts/contracts/implementations/utils/test/EarthToken.sol","s":{"1":3},"b":{},"f":{"1":3},"fnMap":{"1":{"name":"constructor","line":8,"loc":{"start":{"line":8,"column":2},"end":{"line":10,"column":2}}}},"statementMap":{"1":{"start":{"line":9,"column":4},"end":{"line":9,"column":29}}},"branchMap":{}},"contracts/interfaces/IClearingHouse.sol":{"l":{},"path":"/Users/stevenlabrys/Desktop/earthfund/packages/contracts/contracts/interfaces/IClearingHouse.sol","s":{},"b":{},"f":{},"fnMap":{},"statementMap":{},"branchMap":{}},"contracts/interfaces/IERC20Singleton.sol":{"l":{},"path":"/Users/stevenlabrys/Desktop/earthfund/packages/contracts/contracts/interfaces/IERC20Singleton.sol","s":{},"b":{},"f":{},"fnMap":{},"statementMap":{},"branchMap":{}},"contracts/interfaces/IGovernor.sol":{"l":{},"path":"/Users/stevenlabrys/Desktop/earthfund/packages/contracts/contracts/interfaces/IGovernor.sol","s":{},"b":{},"f":{},"fnMap":{},"statementMap":{},"branchMap":{}},"contracts/vendors/IENSController.sol":{"l":{},"path":"/Users/stevenlabrys/Desktop/earthfund/packages/contracts/contracts/vendors/IENSController.sol","s":{},"b":{},"f":{},"fnMap":{},"statementMap":{},"branchMap":{}},"contracts/vendors/IENSRegistrar.sol":{"l":{},"path":"/Users/stevenlabrys/Desktop/earthfund/packages/contracts/contracts/vendors/IENSRegistrar.sol","s":{},"b":{},"f":{},"fnMap":{},"statementMap":{},"branchMap":{}},"contracts/vendors/IENSRegistry.sol":{"l":{},"path":"/Users/stevenlabrys/Desktop/earthfund/packages/contracts/contracts/vendors/IENSRegistry.sol","s":{},"b":{},"f":{},"fnMap":{},"statementMap":{},"branchMap":{}},"contracts/vendors/IGnosisSafe.sol":{"l":{},"path":"/Users/stevenlabrys/Desktop/earthfund/packages/contracts/contracts/vendors/IGnosisSafe.sol","s":{},"b":{},"f":{},"fnMap":{},"statementMap":{},"branchMap":{}}}